2025-03-26 14:51:10,785 - masks - INFO - Получен номер счета: Счет: 1234567890123456
2025-03-26 14:51:10,785 - masks - INFO - Маскируем номер счета: 1234567890123456
2025-03-26 14:51:10,786 - masks - INFO - Получен номер карты: Карточка: 5678123456783456
2025-03-26 14:51:10,786 - masks - INFO - Маскируем номер карты: 5678123456783456
2025-03-26 14:51:10,817 - masks - INFO - Получен номер карты: 1234567890123456
2025-03-26 14:51:10,818 - masks - INFO - Маскируем номер карты: 1234567890123456
2025-03-26 14:51:10,819 - masks - INFO - Получен номер карты: 1234
2025-03-26 14:51:10,820 - masks - ERROR - Это не номер карты
2025-03-26 14:51:10,821 - masks - INFO - Получен номер карты: 
2025-03-26 14:51:10,821 - masks - WARNING - Пустой номер карты
2025-03-26 14:51:10,823 - masks - INFO - Получен номер карты: 1234567890123
2025-03-26 14:51:10,823 - masks - INFO - Маскируем номер карты: 1234567890123
2025-03-26 14:51:10,825 - masks - INFO - Получен номер карты: 12345678901234
2025-03-26 14:51:10,825 - masks - INFO - Маскируем номер карты: 12345678901234
2025-03-26 14:51:10,826 - masks - INFO - Получен номер карты: 123456789012345
2025-03-26 14:51:10,826 - masks - INFO - Маскируем номер карты: 123456789012345
2025-03-26 14:51:10,828 - masks - INFO - Получен номер счета: 123456789012
2025-03-26 14:51:10,828 - masks - INFO - Маскируем номер счета: 123456789012
2025-03-26 14:51:10,830 - masks - INFO - Получен номер счета: 1234
2025-03-26 14:51:10,830 - masks - ERROR - Это не номер счета
2025-03-26 14:51:10,831 - masks - INFO - Получен номер счета: 
2025-03-26 14:51:10,832 - masks - WARNING - Пустой номер счета
